WARN [02-10|12:38:23] No etherbase set and no accounts found as default 
INFO [02-10|12:38:23] Starting peer-to-peer node               instance=Geth/v1.7.3-stable-4bb3c89d/darwin-amd64/go1.9.2
INFO [02-10|12:38:23] Allocated cache and file handles         database=/Users/HPDeskjetPrinter/Desktop/slaveFreeTrade/data/geth/chaindata cache=128 handles=1024
WARN [02-10|12:38:23] Upgrading database to use lookup entries 
INFO [02-10|12:38:23] Database deduplication successful        deduped=0
INFO [02-10|12:38:23] Initialised chain configuration          config="{ChainID: 33 Homestead: 0 DAO: <nil> DAOSupport: false EIP150: <nil> EIP155: 0 EIP158: 0 Byzantium: <nil> Engine: unknown}"
INFO [02-10|12:38:23] Disk storage enabled for ethash caches   dir=/Users/HPDeskjetPrinter/Desktop/slaveFreeTrade/data/geth/ethash count=3
INFO [02-10|12:38:23] Disk storage enabled for ethash DAGs     dir=/Users/HPDeskjetPrinter/.ethash                                 count=2
INFO [02-10|12:38:23] Initialising Ethereum protocol           versions="[63 62]" network=1234
INFO [02-10|12:38:23] Loaded most recent local header          number=0 hash=5f107d…a9f091 td=2
INFO [02-10|12:38:23] Loaded most recent local full block      number=0 hash=5f107d…a9f091 td=2
INFO [02-10|12:38:23] Loaded most recent local fast block      number=0 hash=5f107d…a9f091 td=2
INFO [02-10|12:38:23] Regenerated local transaction journal    transactions=0 accounts=0
INFO [02-10|12:38:23] Starting P2P networking 
INFO [02-10|12:38:23] RLPx listener up                         self="enode://9c069cde09f6993a0d6b7ed5b275f70e3de4ba3ac3517babd48c0325894f07a87120bd691baabf0b5b78f1ab13b3d5615d4a4d61c32e61f0552005d75c078a3c@[::]:30303?discport=0"
INFO [02-10|12:38:23] IPC endpoint opened: /Users/HPDeskjetPrinter/Desktop/slaveFreeTrade/data/geth.ipc 
INFO [02-10|12:38:23] HTTP endpoint opened: http://127.0.0.1:8545 
INFO [02-10|12:39:35] Updated mining threads                   threads=0
INFO [02-10|12:39:35] Transaction pool price threshold updated price=18000000000
INFO [02-10|12:39:35] Starting mining operation 
INFO [02-10|12:39:35] Commit new mining work                   number=1 txs=0 uncles=0 elapsed=230.471µs
INFO [02-10|12:39:36] Successfully sealed new block            number=1 hash=d87d70…7c2a64
INFO [02-10|12:39:36] 🔨 mined potential block                  number=1 hash=d87d70…7c2a64
INFO [02-10|12:39:36] Commit new mining work                   number=2 txs=0 uncles=0 elapsed=125.026µs
INFO [02-10|12:39:37] Successfully sealed new block            number=2 hash=204945…0f748b
INFO [02-10|12:39:37] 🔨 mined potential block                  number=2 hash=204945…0f748b
INFO [02-10|12:39:37] Commit new mining work                   number=3 txs=0 uncles=0 elapsed=101.367µs
INFO [02-10|12:39:38] Successfully sealed new block            number=3 hash=f868fb…0edd4a
INFO [02-10|12:39:38] 🔨 mined potential block                  number=3 hash=f868fb…0edd4a
INFO [02-10|12:39:38] Commit new mining work                   number=4 txs=0 uncles=0 elapsed=187.451µs
INFO [02-10|12:39:38] Successfully sealed new block            number=4 hash=8de540…152658
INFO [02-10|12:39:38] 🔨 mined potential block                  number=4 hash=8de540…152658
INFO [02-10|12:39:38] Commit new mining work                   number=5 txs=0 uncles=0 elapsed=196.882µs
INFO [02-10|12:39:38] Successfully sealed new block            number=5 hash=f4f89b…01afc9
INFO [02-10|12:39:38] 🔨 mined potential block                  number=5 hash=f4f89b…01afc9
INFO [02-10|12:39:38] Mining too far in the future             wait=2s
INFO [02-10|12:39:40] Commit new mining work                   number=6 txs=0 uncles=0 elapsed=2.000s
INFO [02-10|12:39:41] Successfully sealed new block            number=6 hash=97e39a…000f40
INFO [02-10|12:39:41] 🔗 block reached canonical chain          number=1 hash=d87d70…7c2a64
INFO [02-10|12:39:41] 🔨 mined potential block                  number=6 hash=97e39a…000f40
INFO [02-10|12:39:41] Commit new mining work                   number=7 txs=0 uncles=0 elapsed=115.913µs
INFO [02-10|12:39:43] Successfully sealed new block            number=7 hash=7a1f90…ca49b5
INFO [02-10|12:39:43] 🔗 block reached canonical chain          number=2 hash=204945…0f748b
INFO [02-10|12:39:43] 🔨 mined potential block                  number=7 hash=7a1f90…ca49b5
INFO [02-10|12:39:43] Commit new mining work                   number=8 txs=0 uncles=0 elapsed=121.105µs
INFO [02-10|12:39:45] Successfully sealed new block            number=8 hash=60e6da…021e76
INFO [02-10|12:39:45] 🔗 block reached canonical chain          number=3 hash=f868fb…0edd4a
INFO [02-10|12:39:45] 🔨 mined potential block                  number=8 hash=60e6da…021e76
INFO [02-10|12:39:45] Commit new mining work                   number=9 txs=0 uncles=0 elapsed=107.55µs
INFO [02-10|12:39:45] Successfully sealed new block            number=9 hash=712b5b…ecd730
INFO [02-10|12:39:45] 🔗 block reached canonical chain          number=4 hash=8de540…152658
INFO [02-10|12:39:45] 🔨 mined potential block                  number=9 hash=712b5b…ecd730
INFO [02-10|12:39:45] Commit new mining work                   number=10 txs=0 uncles=0 elapsed=193.088µs
INFO [02-10|12:39:47] Successfully sealed new block            number=10 hash=85a0ac…9d1f1f
INFO [02-10|12:39:47] 🔗 block reached canonical chain          number=5  hash=f4f89b…01afc9
INFO [02-10|12:39:47] 🔨 mined potential block                  number=10 hash=85a0ac…9d1f1f
INFO [02-10|12:39:47] Commit new mining work                   number=11 txs=0 uncles=0 elapsed=295.242µs
INFO [02-10|12:39:49] Successfully sealed new block            number=11 hash=cd44c0…4dd6c3
INFO [02-10|12:39:49] 🔗 block reached canonical chain          number=6  hash=97e39a…000f40
INFO [02-10|12:39:49] 🔨 mined potential block                  number=11 hash=cd44c0…4dd6c3
INFO [02-10|12:39:49] Commit new mining work                   number=12 txs=0 uncles=0 elapsed=160.638µs
INFO [02-10|12:39:52] Successfully sealed new block            number=12 hash=d38b06…57b50d
INFO [02-10|12:39:52] 🔗 block reached canonical chain          number=7  hash=7a1f90…ca49b5
INFO [02-10|12:39:52] 🔨 mined potential block                  number=12 hash=d38b06…57b50d
INFO [02-10|12:39:52] Commit new mining work                   number=13 txs=0 uncles=0 elapsed=187.512µs
INFO [02-10|12:39:52] Successfully sealed new block            number=13 hash=2d15d9…15db87
INFO [02-10|12:39:52] 🔗 block reached canonical chain          number=8  hash=60e6da…021e76
INFO [02-10|12:39:52] 🔨 mined potential block                  number=13 hash=2d15d9…15db87
INFO [02-10|12:39:52] Commit new mining work                   number=14 txs=0 uncles=0 elapsed=162.921µs
INFO [02-10|12:39:53] Successfully sealed new block            number=14 hash=508547…16bc16
INFO [02-10|12:39:53] 🔗 block reached canonical chain          number=9  hash=712b5b…ecd730
INFO [02-10|12:39:53] 🔨 mined potential block                  number=14 hash=508547…16bc16
INFO [02-10|12:39:53] Commit new mining work                   number=15 txs=0 uncles=0 elapsed=224.345µs
INFO [02-10|12:39:53] Successfully sealed new block            number=15 hash=c0c3a6…acbacc
INFO [02-10|12:39:53] 🔗 block reached canonical chain          number=10 hash=85a0ac…9d1f1f
INFO [02-10|12:39:53] 🔨 mined potential block                  number=15 hash=c0c3a6…acbacc
INFO [02-10|12:39:53] Mining too far in the future             wait=2s
INFO [02-10|12:39:55] Commit new mining work                   number=16 txs=0 uncles=0 elapsed=2.001s
INFO [02-10|12:39:57] Successfully sealed new block            number=16 hash=d85c1a…098647
INFO [02-10|12:39:57] 🔗 block reached canonical chain          number=11 hash=cd44c0…4dd6c3
INFO [02-10|12:39:57] 🔨 mined potential block                  number=16 hash=d85c1a…098647
INFO [02-10|12:39:57] Commit new mining work                   number=17 txs=0 uncles=0 elapsed=113.348µs
INFO [02-10|12:39:59] Successfully sealed new block            number=17 hash=3fc39c…ed781a
INFO [02-10|12:39:59] 🔗 block reached canonical chain          number=12 hash=d38b06…57b50d
INFO [02-10|12:39:59] 🔨 mined potential block                  number=17 hash=3fc39c…ed781a
INFO [02-10|12:39:59] Commit new mining work                   number=18 txs=0 uncles=0 elapsed=137.159µs
INFO [02-10|12:39:59] Successfully sealed new block            number=18 hash=2955d5…ca7d9a
INFO [02-10|12:39:59] 🔗 block reached canonical chain          number=13 hash=2d15d9…15db87
INFO [02-10|12:39:59] 🔨 mined potential block                  number=18 hash=2955d5…ca7d9a
INFO [02-10|12:39:59] Commit new mining work                   number=19 txs=0 uncles=0 elapsed=143.135µs
INFO [02-10|12:40:01] Successfully sealed new block            number=19 hash=2b3ac3…e99b2b
INFO [02-10|12:40:01] 🔗 block reached canonical chain          number=14 hash=508547…16bc16
INFO [02-10|12:40:01] 🔨 mined potential block                  number=19 hash=2b3ac3…e99b2b
INFO [02-10|12:40:01] Commit new mining work                   number=20 txs=0 uncles=0 elapsed=106.662µs
INFO [02-10|12:40:01] Successfully sealed new block            number=20 hash=42bca0…a6b562
INFO [02-10|12:40:01] 🔗 block reached canonical chain          number=15 hash=c0c3a6…acbacc
INFO [02-10|12:40:01] 🔨 mined potential block                  number=20 hash=42bca0…a6b562
INFO [02-10|12:40:01] Commit new mining work                   number=21 txs=0 uncles=0 elapsed=134.004µs
INFO [02-10|12:40:02] Successfully sealed new block            number=21 hash=d8c8b5…f590d8
INFO [02-10|12:40:02] 🔗 block reached canonical chain          number=16 hash=d85c1a…098647
INFO [02-10|12:40:02] 🔨 mined potential block                  number=21 hash=d8c8b5…f590d8
INFO [02-10|12:40:02] Commit new mining work                   number=22 txs=0 uncles=0 elapsed=106.117µs
INFO [02-10|12:40:03] Successfully sealed new block            number=22 hash=ba3be9…2230a5
INFO [02-10|12:40:03] 🔗 block reached canonical chain          number=17 hash=3fc39c…ed781a
INFO [02-10|12:40:03] 🔨 mined potential block                  number=22 hash=ba3be9…2230a5
INFO [02-10|12:40:03] Commit new mining work                   number=23 txs=0 uncles=0 elapsed=171.548µs
INFO [02-10|12:40:05] Successfully sealed new block            number=23 hash=4e14b1…16b2d2
INFO [02-10|12:40:05] 🔗 block reached canonical chain          number=18 hash=2955d5…ca7d9a
INFO [02-10|12:40:05] 🔨 mined potential block                  number=23 hash=4e14b1…16b2d2
INFO [02-10|12:40:05] Commit new mining work                   number=24 txs=0 uncles=0 elapsed=129.175µs
INFO [02-10|12:40:07] Successfully sealed new block            number=24 hash=949154…881ec6
INFO [02-10|12:40:07] 🔗 block reached canonical chain          number=19 hash=2b3ac3…e99b2b
INFO [02-10|12:40:07] 🔨 mined potential block                  number=24 hash=949154…881ec6
INFO [02-10|12:40:07] Commit new mining work                   number=25 txs=0 uncles=0 elapsed=156.084µs
INFO [02-10|12:40:08] Successfully sealed new block            number=25 hash=45e35d…f55af1
INFO [02-10|12:40:08] 🔗 block reached canonical chain          number=20 hash=42bca0…a6b562
INFO [02-10|12:40:08] 🔨 mined potential block                  number=25 hash=45e35d…f55af1
INFO [02-10|12:40:08] Commit new mining work                   number=26 txs=0 uncles=0 elapsed=205.596µs
INFO [02-10|12:40:10] Successfully sealed new block            number=26 hash=b17712…b9ccc4
INFO [02-10|12:40:10] 🔗 block reached canonical chain          number=21 hash=d8c8b5…f590d8
INFO [02-10|12:40:10] 🔨 mined potential block                  number=26 hash=b17712…b9ccc4
INFO [02-10|12:40:10] Commit new mining work                   number=27 txs=0 uncles=0 elapsed=271.088µs
INFO [02-10|12:40:11] Successfully sealed new block            number=27 hash=353ca4…443ccd
INFO [02-10|12:40:11] 🔗 block reached canonical chain          number=22 hash=ba3be9…2230a5
INFO [02-10|12:40:11] 🔨 mined potential block                  number=27 hash=353ca4…443ccd
INFO [02-10|12:40:11] Commit new mining work                   number=28 txs=0 uncles=0 elapsed=137.546µs
INFO [02-10|12:41:16] Updated mining threads                   threads=0
INFO [02-10|12:41:16] Transaction pool price threshold updated price=18000000000
INFO [02-10|12:41:16] Starting mining operation 
INFO [02-10|12:41:16] Commit new mining work                   number=28 txs=0 uncles=0 elapsed=199.583µs
INFO [02-10|12:41:17] Successfully sealed new block            number=28 hash=4d95f0…d36cea
INFO [02-10|12:41:17] 🔗 block reached canonical chain          number=23 hash=4e14b1…16b2d2
INFO [02-10|12:41:17] 🔨 mined potential block                  number=28 hash=4d95f0…d36cea
INFO [02-10|12:41:17] Commit new mining work                   number=29 txs=0 uncles=0 elapsed=195.145µs
INFO [02-10|12:41:17] Successfully sealed new block            number=29 hash=343cb5…ebbbee
INFO [02-10|12:41:17] 🔗 block reached canonical chain          number=24 hash=949154…881ec6
INFO [02-10|12:41:17] 🔨 mined potential block                  number=29 hash=343cb5…ebbbee
INFO [02-10|12:41:17] Commit new mining work                   number=30 txs=0 uncles=0 elapsed=127.611µs
INFO [02-10|12:41:24] Successfully sealed new block            number=30 hash=56c01b…d679da
INFO [02-10|12:41:24] 🔗 block reached canonical chain          number=25 hash=45e35d…f55af1
INFO [02-10|12:41:24] 🔨 mined potential block                  number=30 hash=56c01b…d679da
INFO [02-10|12:41:24] Commit new mining work                   number=31 txs=0 uncles=0 elapsed=152.353µs
INFO [02-10|12:41:24] Successfully sealed new block            number=31 hash=b3c0b8…bc15d5
INFO [02-10|12:41:24] 🔗 block reached canonical chain          number=26 hash=b17712…b9ccc4
INFO [02-10|12:41:24] 🔨 mined potential block                  number=31 hash=b3c0b8…bc15d5
INFO [02-10|12:41:24] Commit new mining work                   number=32 txs=0 uncles=0 elapsed=105.381µs
INFO [02-10|12:41:25] Successfully sealed new block            number=32 hash=bf3271…85ee26
INFO [02-10|12:41:25] 🔗 block reached canonical chain          number=27 hash=353ca4…443ccd
INFO [02-10|12:41:25] 🔨 mined potential block                  number=32 hash=bf3271…85ee26
INFO [02-10|12:41:25] Commit new mining work                   number=33 txs=0 uncles=0 elapsed=172.358µs
INFO [02-10|12:41:25] Successfully sealed new block            number=33 hash=1ecc35…0defd4
INFO [02-10|12:41:25] 🔗 block reached canonical chain          number=28 hash=4d95f0…d36cea
INFO [02-10|12:41:25] 🔨 mined potential block                  number=33 hash=1ecc35…0defd4
INFO [02-10|12:41:25] Mining too far in the future             wait=2s
INFO [02-10|12:41:27] Commit new mining work                   number=34 txs=0 uncles=0 elapsed=2.004s
INFO [02-10|12:41:27] Successfully sealed new block            number=34 hash=ca0f1e…922be8
INFO [02-10|12:41:27] 🔗 block reached canonical chain          number=29 hash=343cb5…ebbbee
INFO [02-10|12:41:27] 🔨 mined potential block                  number=34 hash=ca0f1e…922be8
INFO [02-10|12:41:27] Commit new mining work                   number=35 txs=0 uncles=0 elapsed=145.191µs
INFO [02-10|12:41:28] Successfully sealed new block            number=35 hash=4e24e9…51d4d8
INFO [02-10|12:41:28] 🔗 block reached canonical chain          number=30 hash=56c01b…d679da
INFO [02-10|12:41:28] 🔨 mined potential block                  number=35 hash=4e24e9…51d4d8
INFO [02-10|12:41:28] Commit new mining work                   number=36 txs=0 uncles=0 elapsed=104.574µs
INFO [02-10|12:41:31] Submitted contract creation              fullhash=0x05af3fd0fc5e422fbe00a18643dcaa9dc5989cf9b88baca69b45f8954cec7867 contract=0x1b26CB7f61d4afb3d4EfC779b559e75891773Ddd
INFO [02-10|12:41:32] Successfully sealed new block            number=36 hash=c8adbd…4fb226
INFO [02-10|12:41:32] 🔗 block reached canonical chain          number=31 hash=b3c0b8…bc15d5
INFO [02-10|12:41:32] 🔨 mined potential block                  number=36 hash=c8adbd…4fb226
INFO [02-10|12:41:32] Commit new mining work                   number=37 txs=1 uncles=0 elapsed=863.061µs
INFO [02-10|12:41:32] Successfully sealed new block            number=37 hash=a785c8…e2db84
INFO [02-10|12:41:32] 🔗 block reached canonical chain          number=32 hash=bf3271…85ee26
INFO [02-10|12:41:32] 🔨 mined potential block                  number=37 hash=a785c8…e2db84
INFO [02-10|12:41:32] Commit new mining work                   number=38 txs=0 uncles=0 elapsed=119.209µs
INFO [02-10|12:41:33] Successfully sealed new block            number=38 hash=1ac741…3effd3
INFO [02-10|12:41:33] 🔗 block reached canonical chain          number=33 hash=1ecc35…0defd4
INFO [02-10|12:41:33] 🔨 mined potential block                  number=38 hash=1ac741…3effd3
INFO [02-10|12:41:33] Commit new mining work                   number=39 txs=0 uncles=0 elapsed=175.885µs
INFO [02-10|12:41:35] Successfully sealed new block            number=39 hash=7d0eb2…e04195
INFO [02-10|12:41:35] 🔗 block reached canonical chain          number=34 hash=ca0f1e…922be8
INFO [02-10|12:41:35] 🔨 mined potential block                  number=39 hash=7d0eb2…e04195
INFO [02-10|12:41:35] Commit new mining work                   number=40 txs=0 uncles=0 elapsed=176.761µs
INFO [02-10|12:41:35] Successfully sealed new block            number=40 hash=f30246…72357f
INFO [02-10|12:41:35] 🔗 block reached canonical chain          number=35 hash=4e24e9…51d4d8
INFO [02-10|12:41:35] 🔨 mined potential block                  number=40 hash=f30246…72357f
INFO [02-10|12:41:35] Commit new mining work                   number=41 txs=0 uncles=0 elapsed=275.856µs
INFO [02-10|12:41:35] Successfully sealed new block            number=41 hash=07a2d4…a31a13
INFO [02-10|12:41:35] 🔗 block reached canonical chain          number=36 hash=c8adbd…4fb226
INFO [02-10|12:41:35] 🔨 mined potential block                  number=41 hash=07a2d4…a31a13
INFO [02-10|12:41:35] Mining too far in the future             wait=2s
INFO [02-10|12:41:37] Commit new mining work                   number=42 txs=0 uncles=0 elapsed=2.002s
INFO [02-10|12:41:39] Successfully sealed new block            number=42 hash=f5fbf0…3a2440
INFO [02-10|12:41:39] 🔗 block reached canonical chain          number=37 hash=a785c8…e2db84
INFO [02-10|12:41:39] 🔨 mined potential block                  number=42 hash=f5fbf0…3a2440
INFO [02-10|12:41:39] Commit new mining work                   number=43 txs=0 uncles=0 elapsed=211.486µs
INFO [02-10|12:41:39] Successfully sealed new block            number=43 hash=aa2d4b…e57ec0
INFO [02-10|12:41:39] 🔗 block reached canonical chain          number=38 hash=1ac741…3effd3
INFO [02-10|12:41:39] 🔨 mined potential block                  number=43 hash=aa2d4b…e57ec0
INFO [02-10|12:41:39] Commit new mining work                   number=44 txs=0 uncles=0 elapsed=172.035µs
INFO [02-10|12:41:40] Successfully sealed new block            number=44 hash=001c1c…d1fd2a
INFO [02-10|12:41:40] 🔗 block reached canonical chain          number=39 hash=7d0eb2…e04195
INFO [02-10|12:41:40] 🔨 mined potential block                  number=44 hash=001c1c…d1fd2a
INFO [02-10|12:41:40] Commit new mining work                   number=45 txs=0 uncles=0 elapsed=210.322µs
INFO [02-10|12:41:41] Successfully sealed new block            number=45 hash=4b71d9…f40831
INFO [02-10|12:41:41] 🔗 block reached canonical chain          number=40 hash=f30246…72357f
INFO [02-10|12:41:41] 🔨 mined potential block                  number=45 hash=4b71d9…f40831
INFO [02-10|12:41:41] Commit new mining work                   number=46 txs=0 uncles=0 elapsed=213.752µs
INFO [02-10|12:41:42] Successfully sealed new block            number=46 hash=cede42…adc29c
INFO [02-10|12:41:42] 🔗 block reached canonical chain          number=41 hash=07a2d4…a31a13
INFO [02-10|12:41:42] 🔨 mined potential block                  number=46 hash=cede42…adc29c
INFO [02-10|12:41:42] Commit new mining work                   number=47 txs=0 uncles=0 elapsed=187.103µs
INFO [02-10|12:41:42] Successfully sealed new block            number=47 hash=e37463…3de69f
INFO [02-10|12:41:42] 🔗 block reached canonical chain          number=42 hash=f5fbf0…3a2440
INFO [02-10|12:41:42] 🔨 mined potential block                  number=47 hash=e37463…3de69f
INFO [02-10|12:41:42] Mining too far in the future             wait=2s
INFO [02-10|12:41:44] Commit new mining work                   number=48 txs=0 uncles=0 elapsed=2.003s
INFO [02-10|12:41:47] Successfully sealed new block            number=48 hash=630dde…411f3e
INFO [02-10|12:41:47] 🔗 block reached canonical chain          number=43 hash=aa2d4b…e57ec0
INFO [02-10|12:41:47] 🔨 mined potential block                  number=48 hash=630dde…411f3e
INFO [02-10|12:41:47] Commit new mining work                   number=49 txs=0 uncles=0 elapsed=199.465µs
INFO [02-10|12:41:48] Successfully sealed new block            number=49 hash=93a9af…83730a
INFO [02-10|12:41:48] 🔗 block reached canonical chain          number=44 hash=001c1c…d1fd2a
INFO [02-10|12:41:48] 🔨 mined potential block                  number=49 hash=93a9af…83730a
INFO [02-10|12:41:48] Commit new mining work                   number=50 txs=0 uncles=0 elapsed=217.065µs
INFO [02-10|12:41:53] Successfully sealed new block            number=50 hash=4aedf2…c75937
INFO [02-10|12:41:53] 🔗 block reached canonical chain          number=45 hash=4b71d9…f40831
INFO [02-10|12:41:53] 🔨 mined potential block                  number=50 hash=4aedf2…c75937
INFO [02-10|12:41:53] Commit new mining work                   number=51 txs=0 uncles=0 elapsed=207.282µs
INFO [02-10|12:41:53] Successfully sealed new block            number=51 hash=19db25…82238f
INFO [02-10|12:41:53] 🔗 block reached canonical chain          number=46 hash=cede42…adc29c
INFO [02-10|12:41:53] 🔨 mined potential block                  number=51 hash=19db25…82238f
INFO [02-10|12:41:53] Commit new mining work                   number=52 txs=0 uncles=0 elapsed=223.112µs
INFO [02-10|12:41:56] Successfully sealed new block            number=52 hash=a6dd19…be40bc
INFO [02-10|12:41:56] 🔗 block reached canonical chain          number=47 hash=e37463…3de69f
INFO [02-10|12:41:56] 🔨 mined potential block                  number=52 hash=a6dd19…be40bc
INFO [02-10|12:41:56] Commit new mining work                   number=53 txs=0 uncles=0 elapsed=788.636µs
INFO [02-10|12:42:00] Successfully sealed new block            number=53 hash=5fe886…e38cf5
INFO [02-10|12:42:00] 🔗 block reached canonical chain          number=48 hash=630dde…411f3e
INFO [02-10|12:42:00] 🔨 mined potential block                  number=53 hash=5fe886…e38cf5
INFO [02-10|12:42:00] Commit new mining work                   number=54 txs=0 uncles=0 elapsed=208.217µs
INFO [02-10|12:42:01] Successfully sealed new block            number=54 hash=ad103f…d2b05f
INFO [02-10|12:42:01] 🔗 block reached canonical chain          number=49 hash=93a9af…83730a
INFO [02-10|12:42:01] 🔨 mined potential block                  number=54 hash=ad103f…d2b05f
INFO [02-10|12:42:01] Commit new mining work                   number=55 txs=0 uncles=0 elapsed=196.143µs
INFO [02-10|12:42:01] Successfully sealed new block            number=55 hash=98cd52…04ee48
INFO [02-10|12:42:01] 🔗 block reached canonical chain          number=50 hash=4aedf2…c75937
INFO [02-10|12:42:01] 🔨 mined potential block                  number=55 hash=98cd52…04ee48
INFO [02-10|12:42:01] Commit new mining work                   number=56 txs=0 uncles=0 elapsed=208.791µs
INFO [02-10|12:42:02] Successfully sealed new block            number=56 hash=3093ac…162778
INFO [02-10|12:42:02] 🔗 block reached canonical chain          number=51 hash=19db25…82238f
INFO [02-10|12:42:02] 🔨 mined potential block                  number=56 hash=3093ac…162778
INFO [02-10|12:42:02] Commit new mining work                   number=57 txs=0 uncles=0 elapsed=225.492µs
INFO [02-10|12:42:03] Successfully sealed new block            number=57 hash=b6a0c2…5cd874
INFO [02-10|12:42:03] 🔗 block reached canonical chain          number=52 hash=a6dd19…be40bc
INFO [02-10|12:42:03] 🔨 mined potential block                  number=57 hash=b6a0c2…5cd874
INFO [02-10|12:42:03] Commit new mining work                   number=58 txs=0 uncles=0 elapsed=188.879µs
INFO [02-10|12:42:03] Successfully sealed new block            number=58 hash=0c918a…c58064
INFO [02-10|12:42:03] 🔗 block reached canonical chain          number=53 hash=5fe886…e38cf5
INFO [02-10|12:42:03] 🔨 mined potential block                  number=58 hash=0c918a…c58064
INFO [02-10|12:42:03] Mining too far in the future             wait=2s
INFO [02-10|12:42:05] Commit new mining work                   number=59 txs=0 uncles=0 elapsed=2.005s
INFO [02-10|12:42:06] Successfully sealed new block            number=59 hash=d1b3b1…c7ac34
INFO [02-10|12:42:06] 🔗 block reached canonical chain          number=54 hash=ad103f…d2b05f
INFO [02-10|12:42:06] 🔨 mined potential block                  number=59 hash=d1b3b1…c7ac34
INFO [02-10|12:42:06] Commit new mining work                   number=60 txs=0 uncles=0 elapsed=194.051µs
INFO [02-10|12:42:06] Successfully sealed new block            number=60 hash=2271f7…d11e45
INFO [02-10|12:42:06] 🔗 block reached canonical chain          number=55 hash=98cd52…04ee48
INFO [02-10|12:42:06] 🔨 mined potential block                  number=60 hash=2271f7…d11e45
INFO [02-10|12:42:06] Commit new mining work                   number=61 txs=0 uncles=0 elapsed=287.728µs
INFO [02-10|12:42:07] Successfully sealed new block            number=61 hash=126288…ca5c2a
INFO [02-10|12:42:07] 🔗 block reached canonical chain          number=56 hash=3093ac…162778
INFO [02-10|12:42:07] 🔨 mined potential block                  number=61 hash=126288…ca5c2a
INFO [02-10|12:42:07] Commit new mining work                   number=62 txs=0 uncles=0 elapsed=221.936µs
INFO [02-10|12:42:07] Successfully sealed new block            number=62 hash=a26e00…8542ab
INFO [02-10|12:42:07] 🔗 block reached canonical chain          number=57 hash=b6a0c2…5cd874
INFO [02-10|12:42:07] 🔨 mined potential block                  number=62 hash=a26e00…8542ab
INFO [02-10|12:42:07] Mining too far in the future             wait=2s
INFO [02-10|12:42:09] Commit new mining work                   number=63 txs=0 uncles=0 elapsed=2.005s
INFO [02-10|12:42:09] Successfully sealed new block            number=63 hash=39c2dc…8cbdf5
INFO [02-10|12:42:09] 🔗 block reached canonical chain          number=58 hash=0c918a…c58064
INFO [02-10|12:42:09] 🔨 mined potential block                  number=63 hash=39c2dc…8cbdf5
INFO [02-10|12:42:09] Commit new mining work                   number=64 txs=0 uncles=0 elapsed=195.398µs
INFO [02-10|12:42:10] Successfully sealed new block            number=64 hash=59671f…eedbc0
INFO [02-10|12:42:10] 🔗 block reached canonical chain          number=59 hash=d1b3b1…c7ac34
INFO [02-10|12:42:10] 🔨 mined potential block                  number=64 hash=59671f…eedbc0
INFO [02-10|12:42:10] Commit new mining work                   number=65 txs=0 uncles=0 elapsed=176.107µs
INFO [02-10|12:42:11] Successfully sealed new block            number=65 hash=07bd9e…b2d2bc
INFO [02-10|12:42:11] 🔗 block reached canonical chain          number=60 hash=2271f7…d11e45
INFO [02-10|12:42:11] 🔨 mined potential block                  number=65 hash=07bd9e…b2d2bc
INFO [02-10|12:42:11] Commit new mining work                   number=66 txs=0 uncles=0 elapsed=192.867µs
INFO [02-10|12:42:12] Successfully sealed new block            number=66 hash=97ec9b…a6b0fb
INFO [02-10|12:42:12] 🔗 block reached canonical chain          number=61 hash=126288…ca5c2a
INFO [02-10|12:42:12] 🔨 mined potential block                  number=66 hash=97ec9b…a6b0fb
INFO [02-10|12:42:12] Commit new mining work                   number=67 txs=0 uncles=0 elapsed=330.924µs
INFO [02-10|12:42:13] Successfully sealed new block            number=67 hash=d928bd…57b65d
INFO [02-10|12:42:13] 🔗 block reached canonical chain          number=62 hash=a26e00…8542ab
INFO [02-10|12:42:13] 🔨 mined potential block                  number=67 hash=d928bd…57b65d
INFO [02-10|12:42:13] Commit new mining work                   number=68 txs=0 uncles=0 elapsed=193.542µs
INFO [02-10|12:42:13] Successfully sealed new block            number=68 hash=827107…1a637e
INFO [02-10|12:42:13] 🔗 block reached canonical chain          number=63 hash=39c2dc…8cbdf5
INFO [02-10|12:42:13] 🔨 mined potential block                  number=68 hash=827107…1a637e
INFO [02-10|12:42:13] Mining too far in the future             wait=2s
INFO [02-10|12:42:15] Commit new mining work                   number=69 txs=0 uncles=0 elapsed=2.001s
INFO [02-10|12:42:16] Successfully sealed new block            number=69 hash=52d7f3…d840aa
INFO [02-10|12:42:16] 🔗 block reached canonical chain          number=64 hash=59671f…eedbc0
INFO [02-10|12:42:16] 🔨 mined potential block                  number=69 hash=52d7f3…d840aa
INFO [02-10|12:42:16] Commit new mining work                   number=70 txs=0 uncles=0 elapsed=207.98µs
INFO [02-10|12:42:16] Successfully sealed new block            number=70 hash=e09477…18be1d
INFO [02-10|12:42:16] 🔗 block reached canonical chain          number=65 hash=07bd9e…b2d2bc
INFO [02-10|12:42:16] 🔨 mined potential block                  number=70 hash=e09477…18be1d
INFO [02-10|12:42:16] Commit new mining work                   number=71 txs=0 uncles=0 elapsed=197.652µs
INFO [02-10|12:42:16] Successfully sealed new block            number=71 hash=046495…710106
INFO [02-10|12:42:16] 🔗 block reached canonical chain          number=66 hash=97ec9b…a6b0fb
INFO [02-10|12:42:16] 🔨 mined potential block                  number=71 hash=046495…710106
INFO [02-10|12:42:16] Mining too far in the future             wait=2s
INFO [02-10|12:42:18] Commit new mining work                   number=72 txs=0 uncles=0 elapsed=2.001s
INFO [02-10|12:42:20] Successfully sealed new block            number=72 hash=65519b…5f0c0d
INFO [02-10|12:42:20] 🔗 block reached canonical chain          number=67 hash=d928bd…57b65d
INFO [02-10|12:42:20] 🔨 mined potential block                  number=72 hash=65519b…5f0c0d
INFO [02-10|12:42:20] Commit new mining work                   number=73 txs=0 uncles=0 elapsed=176.164µs
INFO [02-10|12:42:21] Successfully sealed new block            number=73 hash=08de43…a76a3c
INFO [02-10|12:42:21] 🔗 block reached canonical chain          number=68 hash=827107…1a637e
INFO [02-10|12:42:21] 🔨 mined potential block                  number=73 hash=08de43…a76a3c
INFO [02-10|12:42:21] Commit new mining work                   number=74 txs=0 uncles=0 elapsed=199.504µs
INFO [02-10|12:42:22] Successfully sealed new block            number=74 hash=640f5b…4c77be
INFO [02-10|12:42:22] 🔗 block reached canonical chain          number=69 hash=52d7f3…d840aa
INFO [02-10|12:42:22] 🔨 mined potential block                  number=74 hash=640f5b…4c77be
INFO [02-10|12:42:22] Commit new mining work                   number=75 txs=0 uncles=0 elapsed=186.005µs
INFO [02-10|12:42:22] Successfully sealed new block            number=75 hash=741236…376411
INFO [02-10|12:42:22] 🔗 block reached canonical chain          number=70 hash=e09477…18be1d
INFO [02-10|12:42:22] 🔨 mined potential block                  number=75 hash=741236…376411
INFO [02-10|12:42:22] Commit new mining work                   number=76 txs=0 uncles=0 elapsed=260.209µs
INFO [02-10|12:42:23] Successfully sealed new block            number=76 hash=89b773…3b1551
INFO [02-10|12:42:23] 🔗 block reached canonical chain          number=71 hash=046495…710106
INFO [02-10|12:42:23] 🔨 mined potential block                  number=76 hash=89b773…3b1551
INFO [02-10|12:42:23] Commit new mining work                   number=77 txs=0 uncles=0 elapsed=231.435µs
INFO [02-10|12:42:23] Successfully sealed new block            number=77 hash=897c90…bbaa7a
INFO [02-10|12:42:23] 🔗 block reached canonical chain          number=72 hash=65519b…5f0c0d
INFO [02-10|12:42:23] 🔨 mined potential block                  number=77 hash=897c90…bbaa7a
INFO [02-10|12:42:23] Mining too far in the future             wait=2s
INFO [02-10|12:42:25] Commit new mining work                   number=78 txs=0 uncles=0 elapsed=2.003s
INFO [02-10|12:42:26] Successfully sealed new block            number=78 hash=2bc706…ea7dd1
INFO [02-10|12:42:26] 🔗 block reached canonical chain          number=73 hash=08de43…a76a3c
INFO [02-10|12:42:26] 🔨 mined potential block                  number=78 hash=2bc706…ea7dd1
INFO [02-10|12:42:26] Commit new mining work                   number=79 txs=0 uncles=0 elapsed=159.085µs
INFO [02-10|12:42:28] Successfully sealed new block            number=79 hash=f9d18f…0a2c60
INFO [02-10|12:42:28] 🔗 block reached canonical chain          number=74 hash=640f5b…4c77be
INFO [02-10|12:42:28] 🔨 mined potential block                  number=79 hash=f9d18f…0a2c60
INFO [02-10|12:42:28] Commit new mining work                   number=80 txs=0 uncles=0 elapsed=201.952µs
INFO [02-10|12:42:30] Successfully sealed new block            number=80 hash=e97840…716cd6
INFO [02-10|12:42:30] 🔗 block reached canonical chain          number=75 hash=741236…376411
INFO [02-10|12:42:30] 🔨 mined potential block                  number=80 hash=e97840…716cd6
INFO [02-10|12:42:30] Commit new mining work                   number=81 txs=0 uncles=0 elapsed=203.528µs
INFO [02-10|12:42:31] Successfully sealed new block            number=81 hash=a51897…03eae1
INFO [02-10|12:42:31] 🔗 block reached canonical chain          number=76 hash=89b773…3b1551
INFO [02-10|12:42:31] 🔨 mined potential block                  number=81 hash=a51897…03eae1
INFO [02-10|12:42:31] Commit new mining work                   number=82 txs=0 uncles=0 elapsed=216.167µs
INFO [02-10|12:42:33] Successfully sealed new block            number=82 hash=f41c68…1f0c1a
INFO [02-10|12:42:33] 🔗 block reached canonical chain          number=77 hash=897c90…bbaa7a
INFO [02-10|12:42:33] 🔨 mined potential block                  number=82 hash=f41c68…1f0c1a
INFO [02-10|12:42:33] Commit new mining work                   number=83 txs=0 uncles=0 elapsed=301.103µs
INFO [02-10|12:42:34] Successfully sealed new block            number=83 hash=b39822…b56bf7
INFO [02-10|12:42:34] 🔗 block reached canonical chain          number=78 hash=2bc706…ea7dd1
INFO [02-10|12:42:34] 🔨 mined potential block                  number=83 hash=b39822…b56bf7
INFO [02-10|12:42:34] Commit new mining work                   number=84 txs=0 uncles=0 elapsed=227.41µs
INFO [02-10|12:42:36] Successfully sealed new block            number=84 hash=5cdcf8…103674
INFO [02-10|12:42:36] 🔗 block reached canonical chain          number=79 hash=f9d18f…0a2c60
INFO [02-10|12:42:36] 🔨 mined potential block                  number=84 hash=5cdcf8…103674
INFO [02-10|12:42:36] Commit new mining work                   number=85 txs=0 uncles=0 elapsed=203.424µs
INFO [02-10|12:42:38] Successfully sealed new block            number=85 hash=5a33ba…2bdc83
INFO [02-10|12:42:38] 🔗 block reached canonical chain          number=80 hash=e97840…716cd6
INFO [02-10|12:42:38] 🔨 mined potential block                  number=85 hash=5a33ba…2bdc83
INFO [02-10|12:42:38] Commit new mining work                   number=86 txs=0 uncles=0 elapsed=216.383µs
INFO [02-10|12:42:38] Successfully sealed new block            number=86 hash=6caeb3…70c34d
INFO [02-10|12:42:38] 🔗 block reached canonical chain          number=81 hash=a51897…03eae1
INFO [02-10|12:42:38] 🔨 mined potential block                  number=86 hash=6caeb3…70c34d
INFO [02-10|12:42:38] Commit new mining work                   number=87 txs=0 uncles=0 elapsed=189.873µs
INFO [02-10|12:42:39] Successfully sealed new block            number=87 hash=fc641c…5353b9
INFO [02-10|12:42:39] 🔗 block reached canonical chain          number=82 hash=f41c68…1f0c1a
INFO [02-10|12:42:39] 🔨 mined potential block                  number=87 hash=fc641c…5353b9
INFO [02-10|12:42:39] Commit new mining work                   number=88 txs=0 uncles=0 elapsed=322.38µs
INFO [02-10|12:42:40] Successfully sealed new block            number=88 hash=b91899…e78d7f
INFO [02-10|12:42:40] 🔗 block reached canonical chain          number=83 hash=b39822…b56bf7
INFO [02-10|12:42:40] 🔨 mined potential block                  number=88 hash=b91899…e78d7f
INFO [02-10|12:42:40] Commit new mining work                   number=89 txs=0 uncles=0 elapsed=210.91µs
INFO [02-10|12:42:43] Successfully sealed new block            number=89 hash=8be282…856b24
INFO [02-10|12:42:43] 🔗 block reached canonical chain          number=84 hash=5cdcf8…103674
INFO [02-10|12:42:43] 🔨 mined potential block                  number=89 hash=8be282…856b24
INFO [02-10|12:42:43] Commit new mining work                   number=90 txs=0 uncles=0 elapsed=182.155µs
INFO [02-10|12:42:45] Successfully sealed new block            number=90 hash=5905b6…e97d97
INFO [02-10|12:42:45] 🔗 block reached canonical chain          number=85 hash=5a33ba…2bdc83
INFO [02-10|12:42:45] 🔨 mined potential block                  number=90 hash=5905b6…e97d97
INFO [02-10|12:42:45] Commit new mining work                   number=91 txs=0 uncles=0 elapsed=206.055µs
INFO [02-10|12:42:47] Successfully sealed new block            number=91 hash=64a560…ccbef8
INFO [02-10|12:42:47] 🔗 block reached canonical chain          number=86 hash=6caeb3…70c34d
INFO [02-10|12:42:47] 🔨 mined potential block                  number=91 hash=64a560…ccbef8
INFO [02-10|12:42:47] Commit new mining work                   number=92 txs=0 uncles=0 elapsed=214.341µs
INFO [02-10|12:42:48] Successfully sealed new block            number=92 hash=ee55aa…5ecae2
INFO [02-10|12:42:48] 🔗 block reached canonical chain          number=87 hash=fc641c…5353b9
INFO [02-10|12:42:48] 🔨 mined potential block                  number=92 hash=ee55aa…5ecae2
INFO [02-10|12:42:48] Commit new mining work                   number=93 txs=0 uncles=0 elapsed=145.334µs
INFO [02-10|12:42:49] Successfully sealed new block            number=93 hash=3b93ab…a7fc83
INFO [02-10|12:42:49] 🔗 block reached canonical chain          number=88 hash=b91899…e78d7f
INFO [02-10|12:42:49] 🔨 mined potential block                  number=93 hash=3b93ab…a7fc83
INFO [02-10|12:42:49] Commit new mining work                   number=94 txs=0 uncles=0 elapsed=212.738µs
INFO [02-10|12:42:58] Successfully sealed new block            number=94 hash=85a669…30efe5
INFO [02-10|12:42:58] 🔗 block reached canonical chain          number=89 hash=8be282…856b24
INFO [02-10|12:42:58] 🔨 mined potential block                  number=94 hash=85a669…30efe5
INFO [02-10|12:42:58] Commit new mining work                   number=95 txs=0 uncles=0 elapsed=224.952µs
INFO [02-10|12:43:00] Successfully sealed new block            number=95 hash=357b29…bc61e2
INFO [02-10|12:43:00] 🔗 block reached canonical chain          number=90 hash=5905b6…e97d97
INFO [02-10|12:43:00] 🔨 mined potential block                  number=95 hash=357b29…bc61e2
INFO [02-10|12:43:00] Commit new mining work                   number=96 txs=0 uncles=0 elapsed=191.864µs
INFO [02-10|12:43:03] Successfully sealed new block            number=96 hash=d422f5…f3e6a4
INFO [02-10|12:43:03] 🔗 block reached canonical chain          number=91 hash=64a560…ccbef8
INFO [02-10|12:43:03] 🔨 mined potential block                  number=96 hash=d422f5…f3e6a4
INFO [02-10|12:43:03] Commit new mining work                   number=97 txs=0 uncles=0 elapsed=191.768µs
INFO [02-10|12:43:05] Successfully sealed new block            number=97 hash=bef7e4…cd8eea
INFO [02-10|12:43:05] 🔗 block reached canonical chain          number=92 hash=ee55aa…5ecae2
INFO [02-10|12:43:05] 🔨 mined potential block                  number=97 hash=bef7e4…cd8eea
INFO [02-10|12:43:05] Commit new mining work                   number=98 txs=0 uncles=0 elapsed=197.395µs
INFO [02-10|12:43:07] Successfully sealed new block            number=98 hash=3a6864…f5f1a9
INFO [02-10|12:43:07] 🔗 block reached canonical chain          number=93 hash=3b93ab…a7fc83
INFO [02-10|12:43:07] 🔨 mined potential block                  number=98 hash=3a6864…f5f1a9
INFO [02-10|12:43:07] Commit new mining work                   number=99 txs=0 uncles=0 elapsed=187.571µs
INFO [02-10|12:43:07] Successfully sealed new block            number=99 hash=a4a331…a8ff08
INFO [02-10|12:43:07] 🔗 block reached canonical chain          number=94 hash=85a669…30efe5
INFO [02-10|12:43:07] 🔨 mined potential block                  number=99 hash=a4a331…a8ff08
INFO [02-10|12:43:07] Commit new mining work                   number=100 txs=0 uncles=0 elapsed=202.68µs
INFO [02-10|12:43:07] Successfully sealed new block            number=100 hash=54054e…8336ab
INFO [02-10|12:43:07] 🔗 block reached canonical chain          number=95  hash=357b29…bc61e2
INFO [02-10|12:43:07] 🔨 mined potential block                  number=100 hash=54054e…8336ab
INFO [02-10|12:43:07] Mining too far in the future             wait=2s
INFO [02-10|12:43:09] Commit new mining work                   number=101 txs=0 uncles=0 elapsed=2.002s
INFO [02-10|12:43:10] Successfully sealed new block            number=101 hash=974978…a2f818
INFO [02-10|12:43:10] 🔗 block reached canonical chain          number=96  hash=d422f5…f3e6a4
INFO [02-10|12:43:10] 🔨 mined potential block                  number=101 hash=974978…a2f818
INFO [02-10|12:43:10] Commit new mining work                   number=102 txs=0 uncles=0 elapsed=130.944µs
INFO [02-10|12:43:12] Successfully sealed new block            number=102 hash=a222e1…4f579e
INFO [02-10|12:43:12] 🔗 block reached canonical chain          number=97  hash=bef7e4…cd8eea
INFO [02-10|12:43:12] 🔨 mined potential block                  number=102 hash=a222e1…4f579e
INFO [02-10|12:43:12] Commit new mining work                   number=103 txs=0 uncles=0 elapsed=193.476µs
INFO [02-10|12:43:13] Successfully sealed new block            number=103 hash=9da190…99477b
INFO [02-10|12:43:13] 🔗 block reached canonical chain          number=98  hash=3a6864…f5f1a9
INFO [02-10|12:43:13] 🔨 mined potential block                  number=103 hash=9da190…99477b
INFO [02-10|12:43:13] Commit new mining work                   number=104 txs=0 uncles=0 elapsed=200.375µs
INFO [02-10|12:50:21] Submitted contract creation              fullhash=0x6d60e3416a9d1acb1a8d2e9d6e36b57428d0664692e435ebbc4e3a610c401647 contract=0xCE9B2Bd621fB954fFC0D2dD4afDa6f5A292BE98F
INFO [02-10|12:50:33] Updated mining threads                   threads=0
INFO [02-10|12:50:33] Transaction pool price threshold updated price=18000000000
INFO [02-10|12:50:33] Starting mining operation 
INFO [02-10|12:50:33] Commit new mining work                   number=104 txs=1 uncles=0 elapsed=780.288µs
INFO [02-10|12:50:35] Successfully sealed new block            number=104 hash=8fd1e6…4c4074
INFO [02-10|12:50:35] 🔗 block reached canonical chain          number=99  hash=a4a331…a8ff08
INFO [02-10|12:50:35] 🔨 mined potential block                  number=104 hash=8fd1e6…4c4074
INFO [02-10|12:50:35] Commit new mining work                   number=105 txs=0 uncles=0 elapsed=209.404µs
INFO [02-10|12:50:37] Successfully sealed new block            number=105 hash=6243ce…6db958
INFO [02-10|12:50:37] 🔗 block reached canonical chain          number=100 hash=54054e…8336ab
INFO [02-10|12:50:37] 🔨 mined potential block                  number=105 hash=6243ce…6db958
INFO [02-10|12:50:37] Commit new mining work                   number=106 txs=0 uncles=0 elapsed=241.106µs
INFO [02-10|12:50:37] Successfully sealed new block            number=106 hash=503063…7ac42b
INFO [02-10|12:50:37] 🔗 block reached canonical chain          number=101 hash=974978…a2f818
INFO [02-10|12:50:37] 🔨 mined potential block                  number=106 hash=503063…7ac42b
INFO [02-10|12:50:37] Commit new mining work                   number=107 txs=0 uncles=0 elapsed=218.046µs
INFO [02-10|12:50:37] Successfully sealed new block            number=107 hash=b0b31d…1da597
INFO [02-10|12:50:37] 🔗 block reached canonical chain          number=102 hash=a222e1…4f579e
INFO [02-10|12:50:37] 🔨 mined potential block                  number=107 hash=b0b31d…1da597
INFO [02-10|12:50:37] Mining too far in the future             wait=2s
INFO [02-10|12:50:39] Commit new mining work                   number=108 txs=0 uncles=0 elapsed=2.003s
INFO [02-10|12:50:40] Successfully sealed new block            number=108 hash=56ba4d…1a54e5
INFO [02-10|12:50:40] 🔗 block reached canonical chain          number=103 hash=9da190…99477b
INFO [02-10|12:50:40] 🔨 mined potential block                  number=108 hash=56ba4d…1a54e5
INFO [02-10|12:50:40] Commit new mining work                   number=109 txs=0 uncles=0 elapsed=126.727µs
INFO [02-10|12:50:43] Successfully sealed new block            number=109 hash=eba2f2…00dd70
INFO [02-10|12:50:43] 🔗 block reached canonical chain          number=104 hash=8fd1e6…4c4074
INFO [02-10|12:50:43] 🔨 mined potential block                  number=109 hash=eba2f2…00dd70
INFO [02-10|12:50:43] Commit new mining work                   number=110 txs=0 uncles=0 elapsed=242.947µs
INFO [02-10|12:50:46] Successfully sealed new block            number=110 hash=e76fd7…2f9740
INFO [02-10|12:50:46] 🔗 block reached canonical chain          number=105 hash=6243ce…6db958
INFO [02-10|12:50:46] 🔨 mined potential block                  number=110 hash=e76fd7…2f9740
INFO [02-10|12:50:46] Commit new mining work                   number=111 txs=0 uncles=0 elapsed=167.238µs
INFO [02-10|12:50:49] Successfully sealed new block            number=111 hash=b87f02…2fc9f6
INFO [02-10|12:50:49] 🔗 block reached canonical chain          number=106 hash=503063…7ac42b
INFO [02-10|12:50:49] 🔨 mined potential block                  number=111 hash=b87f02…2fc9f6
INFO [02-10|12:50:49] Commit new mining work                   number=112 txs=0 uncles=0 elapsed=160.443µs
INFO [02-10|12:50:49] Successfully sealed new block            number=112 hash=23be7b…852c84
INFO [02-10|12:50:49] 🔗 block reached canonical chain          number=107 hash=b0b31d…1da597
INFO [02-10|12:50:49] 🔨 mined potential block                  number=112 hash=23be7b…852c84
INFO [02-10|12:50:49] Commit new mining work                   number=113 txs=0 uncles=0 elapsed=116.46µs
INFO [02-10|12:50:50] Successfully sealed new block            number=113 hash=25e7c4…7c7368
INFO [02-10|12:50:50] 🔗 block reached canonical chain          number=108 hash=56ba4d…1a54e5
INFO [02-10|12:50:50] 🔨 mined potential block                  number=113 hash=25e7c4…7c7368
INFO [02-10|12:50:50] Commit new mining work                   number=114 txs=0 uncles=0 elapsed=137.901µs
INFO [02-10|12:50:54] Successfully sealed new block            number=114 hash=cf6718…9ed5cd
INFO [02-10|12:50:54] 🔗 block reached canonical chain          number=109 hash=eba2f2…00dd70
INFO [02-10|12:50:54] 🔨 mined potential block                  number=114 hash=cf6718…9ed5cd
INFO [02-10|12:50:54] Commit new mining work                   number=115 txs=0 uncles=0 elapsed=170.88µs
INFO [02-10|12:50:55] Successfully sealed new block            number=115 hash=95c722…134f73
INFO [02-10|12:50:55] 🔗 block reached canonical chain          number=110 hash=e76fd7…2f9740
INFO [02-10|12:50:55] 🔨 mined potential block                  number=115 hash=95c722…134f73
INFO [02-10|12:50:55] Commit new mining work                   number=116 txs=0 uncles=0 elapsed=151.114µs
INFO [02-10|12:50:56] Successfully sealed new block            number=116 hash=727d4f…d5cc59
INFO [02-10|12:50:56] 🔗 block reached canonical chain          number=111 hash=b87f02…2fc9f6
INFO [02-10|12:50:56] 🔨 mined potential block                  number=116 hash=727d4f…d5cc59
INFO [02-10|12:50:56] Commit new mining work                   number=117 txs=0 uncles=0 elapsed=255.049µs
INFO [02-10|12:50:56] Successfully sealed new block            number=117 hash=26bea7…5608e2
INFO [02-10|12:50:56] 🔗 block reached canonical chain          number=112 hash=23be7b…852c84
INFO [02-10|12:50:56] 🔨 mined potential block                  number=117 hash=26bea7…5608e2
INFO [02-10|12:50:56] Commit new mining work                   number=118 txs=0 uncles=0 elapsed=514.569µs
INFO [02-10|12:50:56] Successfully sealed new block            number=118 hash=a4b6aa…2c8b85
INFO [02-10|12:50:56] 🔗 block reached canonical chain          number=113 hash=25e7c4…7c7368
INFO [02-10|12:50:56] 🔨 mined potential block                  number=118 hash=a4b6aa…2c8b85
INFO [02-10|12:50:56] Mining too far in the future             wait=2s
INFO [02-10|12:50:58] Commit new mining work                   number=119 txs=0 uncles=0 elapsed=2.000s
INFO [02-10|12:51:00] Successfully sealed new block            number=119 hash=15db06…57a4b8
INFO [02-10|12:51:00] 🔗 block reached canonical chain          number=114 hash=cf6718…9ed5cd
INFO [02-10|12:51:00] 🔨 mined potential block                  number=119 hash=15db06…57a4b8
INFO [02-10|12:51:00] Commit new mining work                   number=120 txs=0 uncles=0 elapsed=128.525µs
INFO [02-10|12:51:01] Successfully sealed new block            number=120 hash=ab7386…6382ea
INFO [02-10|12:51:01] 🔗 block reached canonical chain          number=115 hash=95c722…134f73
INFO [02-10|12:51:01] 🔨 mined potential block                  number=120 hash=ab7386…6382ea
INFO [02-10|12:51:01] Commit new mining work                   number=121 txs=0 uncles=0 elapsed=193.1µs
INFO [02-10|12:51:02] Successfully sealed new block            number=121 hash=49736c…f99850
INFO [02-10|12:51:02] 🔗 block reached canonical chain          number=116 hash=727d4f…d5cc59
INFO [02-10|12:51:02] 🔨 mined potential block                  number=121 hash=49736c…f99850
INFO [02-10|12:51:02] Commit new mining work                   number=122 txs=0 uncles=0 elapsed=175.856µs
INFO [02-10|12:51:03] Successfully sealed new block            number=122 hash=61a890…46d95e
INFO [02-10|12:51:03] 🔗 block reached canonical chain          number=117 hash=26bea7…5608e2
INFO [02-10|12:51:03] 🔨 mined potential block                  number=122 hash=61a890…46d95e
INFO [02-10|12:51:03] Commit new mining work                   number=123 txs=0 uncles=0 elapsed=205.42µs
INFO [02-10|12:51:03] Successfully sealed new block            number=123 hash=1eba22…a8bdcc
INFO [02-10|12:51:03] 🔗 block reached canonical chain          number=118 hash=a4b6aa…2c8b85
INFO [02-10|12:51:03] 🔨 mined potential block                  number=123 hash=1eba22…a8bdcc
INFO [02-10|12:51:03] Commit new mining work                   number=124 txs=0 uncles=0 elapsed=148.1µs
INFO [02-10|12:51:04] Successfully sealed new block            number=124 hash=2a1a1f…21d51a
INFO [02-10|12:51:04] 🔗 block reached canonical chain          number=119 hash=15db06…57a4b8
INFO [02-10|12:51:04] 🔨 mined potential block                  number=124 hash=2a1a1f…21d51a
INFO [02-10|12:51:04] Commit new mining work                   number=125 txs=0 uncles=0 elapsed=800.829µs
INFO [02-10|12:51:04] Successfully sealed new block            number=125 hash=3e4460…214470
INFO [02-10|12:51:04] 🔗 block reached canonical chain          number=120 hash=ab7386…6382ea
INFO [02-10|12:51:04] 🔨 mined potential block                  number=125 hash=3e4460…214470
INFO [02-10|12:51:04] Mining too far in the future             wait=2s
INFO [02-10|12:51:06] Commit new mining work                   number=126 txs=0 uncles=0 elapsed=2.004s
INFO [02-10|12:51:13] Successfully sealed new block            number=126 hash=2b078a…142a74
INFO [02-10|12:51:13] 🔗 block reached canonical chain          number=121 hash=49736c…f99850
INFO [02-10|12:51:13] 🔨 mined potential block                  number=126 hash=2b078a…142a74
INFO [02-10|12:51:13] Commit new mining work                   number=127 txs=0 uncles=0 elapsed=216.175µs
INFO [02-10|12:51:18] Successfully sealed new block            number=127 hash=bf8ca9…e529b1
INFO [02-10|12:51:18] 🔗 block reached canonical chain          number=122 hash=61a890…46d95e
INFO [02-10|12:51:18] 🔨 mined potential block                  number=127 hash=bf8ca9…e529b1
INFO [02-10|12:51:18] Commit new mining work                   number=128 txs=0 uncles=0 elapsed=341.775µs
INFO [02-10|12:51:19] Successfully sealed new block            number=128 hash=d50c95…19f53e
INFO [02-10|12:51:19] 🔗 block reached canonical chain          number=123 hash=1eba22…a8bdcc
INFO [02-10|12:51:19] 🔨 mined potential block                  number=128 hash=d50c95…19f53e
INFO [02-10|12:51:19] Commit new mining work                   number=129 txs=0 uncles=0 elapsed=1.084ms
INFO [02-10|12:51:22] Successfully sealed new block            number=129 hash=c51cd3…7ad358
INFO [02-10|12:51:22] 🔗 block reached canonical chain          number=124 hash=2a1a1f…21d51a
INFO [02-10|12:51:22] 🔨 mined potential block                  number=129 hash=c51cd3…7ad358
INFO [02-10|12:51:22] Commit new mining work                   number=130 txs=0 uncles=0 elapsed=220.072µs
INFO [02-10|12:51:22] Successfully sealed new block            number=130 hash=88adde…8ed241
INFO [02-10|12:51:22] 🔗 block reached canonical chain          number=125 hash=3e4460…214470
INFO [02-10|12:51:22] 🔨 mined potential block                  number=130 hash=88adde…8ed241
INFO [02-10|12:51:22] Commit new mining work                   number=131 txs=0 uncles=0 elapsed=252.762µs
INFO [02-10|12:51:24] Successfully sealed new block            number=131 hash=436fc0…15d9b9
INFO [02-10|12:51:24] 🔗 block reached canonical chain          number=126 hash=2b078a…142a74
INFO [02-10|12:51:24] 🔨 mined potential block                  number=131 hash=436fc0…15d9b9
INFO [02-10|12:51:24] Commit new mining work                   number=132 txs=0 uncles=0 elapsed=196.602µs
INFO [02-10|12:51:27] Successfully sealed new block            number=132 hash=6e7b9a…058ffe
INFO [02-10|12:51:27] 🔗 block reached canonical chain          number=127 hash=bf8ca9…e529b1
INFO [02-10|12:51:27] 🔨 mined potential block                  number=132 hash=6e7b9a…058ffe
INFO [02-10|12:51:27] Commit new mining work                   number=133 txs=0 uncles=0 elapsed=217.169µs
INFO [02-10|12:51:30] Successfully sealed new block            number=133 hash=cc3ee2…d30ffc
INFO [02-10|12:51:30] 🔗 block reached canonical chain          number=128 hash=d50c95…19f53e
INFO [02-10|12:51:30] 🔨 mined potential block                  number=133 hash=cc3ee2…d30ffc
INFO [02-10|12:51:30] Commit new mining work                   number=134 txs=0 uncles=0 elapsed=210.397µs
INFO [02-10|12:51:34] Successfully sealed new block            number=134 hash=86f862…7ace4d
INFO [02-10|12:51:34] 🔗 block reached canonical chain          number=129 hash=c51cd3…7ad358
INFO [02-10|12:51:34] 🔨 mined potential block                  number=134 hash=86f862…7ace4d
INFO [02-10|12:51:34] Commit new mining work                   number=135 txs=0 uncles=0 elapsed=219.433µs
INFO [02-10|12:51:35] Successfully sealed new block            number=135 hash=b6012e…8de9de
INFO [02-10|12:51:35] 🔗 block reached canonical chain          number=130 hash=88adde…8ed241
INFO [02-10|12:51:35] 🔨 mined potential block                  number=135 hash=b6012e…8de9de
INFO [02-10|12:51:35] Commit new mining work                   number=136 txs=0 uncles=0 elapsed=439.766µs
INFO [02-10|12:51:38] Successfully sealed new block            number=136 hash=e49ac9…26d241
INFO [02-10|12:51:38] 🔗 block reached canonical chain          number=131 hash=436fc0…15d9b9
INFO [02-10|12:51:38] 🔨 mined potential block                  number=136 hash=e49ac9…26d241
INFO [02-10|12:51:38] Commit new mining work                   number=137 txs=0 uncles=0 elapsed=232.59µs
INFO [02-10|12:51:45] Successfully sealed new block            number=137 hash=804192…a0972d
INFO [02-10|12:51:45] 🔗 block reached canonical chain          number=132 hash=6e7b9a…058ffe
INFO [02-10|12:51:45] 🔨 mined potential block                  number=137 hash=804192…a0972d
INFO [02-10|12:51:45] Commit new mining work                   number=138 txs=0 uncles=0 elapsed=273.909µs
INFO [02-10|12:51:45] Successfully sealed new block            number=138 hash=338086…bf13f1
INFO [02-10|12:51:45] 🔗 block reached canonical chain          number=133 hash=cc3ee2…d30ffc
INFO [02-10|12:51:45] 🔨 mined potential block                  number=138 hash=338086…bf13f1
INFO [02-10|12:51:45] Commit new mining work                   number=139 txs=0 uncles=0 elapsed=218.371µs
INFO [02-10|12:51:47] Successfully sealed new block            number=139 hash=4dc6aa…a4b41e
INFO [02-10|12:51:47] 🔗 block reached canonical chain          number=134 hash=86f862…7ace4d
INFO [02-10|12:51:47] Commit new mining work                   number=140 txs=0 uncles=0 elapsed=300.725µs
INFO [02-10|12:51:47] 🔨 mined potential block                  number=139 hash=4dc6aa…a4b41e
INFO [02-10|12:51:47] Successfully sealed new block            number=140 hash=c3334c…a08b66
INFO [02-10|12:51:47] 🔗 block reached canonical chain          number=135 hash=b6012e…8de9de
INFO [02-10|12:51:47] 🔨 mined potential block                  number=140 hash=c3334c…a08b66
INFO [02-10|12:51:47] Commit new mining work                   number=141 txs=0 uncles=0 elapsed=234.228µs
INFO [02-10|12:51:50] Successfully sealed new block            number=141 hash=2ffa2a…bf7c4f
INFO [02-10|12:51:50] 🔗 block reached canonical chain          number=136 hash=e49ac9…26d241
INFO [02-10|12:51:50] 🔨 mined potential block                  number=141 hash=2ffa2a…bf7c4f
INFO [02-10|12:51:50] Commit new mining work                   number=142 txs=0 uncles=0 elapsed=210.691µs
INFO [02-10|12:51:51] Successfully sealed new block            number=142 hash=4b2883…682f03
INFO [02-10|12:51:51] 🔗 block reached canonical chain          number=137 hash=804192…a0972d
INFO [02-10|12:51:51] 🔨 mined potential block                  number=142 hash=4b2883…682f03
INFO [02-10|12:51:51] Commit new mining work                   number=143 txs=0 uncles=0 elapsed=198.665µs
INFO [02-10|12:52:01] Successfully sealed new block            number=143 hash=9159d3…63b4ff
INFO [02-10|12:52:01] 🔗 block reached canonical chain          number=138 hash=338086…bf13f1
INFO [02-10|12:52:01] 🔨 mined potential block                  number=143 hash=9159d3…63b4ff
INFO [02-10|12:52:01] Commit new mining work                   number=144 txs=0 uncles=0 elapsed=3.943ms
INFO [02-10|12:52:05] Successfully sealed new block            number=144 hash=9894c3…7c60fa
INFO [02-10|12:52:05] 🔗 block reached canonical chain          number=139 hash=4dc6aa…a4b41e
INFO [02-10|12:52:05] 🔨 mined potential block                  number=144 hash=9894c3…7c60fa
INFO [02-10|12:52:05] Commit new mining work                   number=145 txs=0 uncles=0 elapsed=310.573µs
INFO [02-10|12:52:14] Successfully sealed new block            number=145 hash=9072be…ed7829
INFO [02-10|12:52:14] 🔗 block reached canonical chain          number=140 hash=c3334c…a08b66
INFO [02-10|12:52:14] 🔨 mined potential block                  number=145 hash=9072be…ed7829
INFO [02-10|12:52:14] Commit new mining work                   number=146 txs=0 uncles=0 elapsed=204.418µs
INFO [02-10|12:52:15] Successfully sealed new block            number=146 hash=d32277…139114
INFO [02-10|12:52:15] 🔗 block reached canonical chain          number=141 hash=2ffa2a…bf7c4f
INFO [02-10|12:52:15] 🔨 mined potential block                  number=146 hash=d32277…139114
INFO [02-10|12:52:15] Commit new mining work                   number=147 txs=0 uncles=0 elapsed=189.134µs
INFO [02-10|12:52:16] Successfully sealed new block            number=147 hash=33ee78…fe2364
INFO [02-10|12:52:16] 🔗 block reached canonical chain          number=142 hash=4b2883…682f03
INFO [02-10|12:52:16] 🔨 mined potential block                  number=147 hash=33ee78…fe2364
INFO [02-10|12:52:16] Commit new mining work                   number=148 txs=0 uncles=0 elapsed=256.756µs
INFO [02-10|12:52:16] Successfully sealed new block            number=148 hash=1058ec…c3bd25
INFO [02-10|12:52:16] 🔗 block reached canonical chain          number=143 hash=9159d3…63b4ff
INFO [02-10|12:52:16] 🔨 mined potential block                  number=148 hash=1058ec…c3bd25
INFO [02-10|12:52:16] Commit new mining work                   number=149 txs=0 uncles=0 elapsed=208.163µs
INFO [02-10|12:52:16] Successfully sealed new block            number=149 hash=e6eeb4…46466a
INFO [02-10|12:52:16] 🔗 block reached canonical chain          number=144 hash=9894c3…7c60fa
INFO [02-10|12:52:16] 🔨 mined potential block                  number=149 hash=e6eeb4…46466a
INFO [02-10|12:52:16] Mining too far in the future             wait=2s
INFO [02-10|12:52:18] Commit new mining work                   number=150 txs=0 uncles=0 elapsed=2.003s
INFO [02-10|12:52:19] Successfully sealed new block            number=150 hash=37ca47…0618ce
INFO [02-10|12:52:19] 🔗 block reached canonical chain          number=145 hash=9072be…ed7829
INFO [02-10|12:52:19] 🔨 mined potential block                  number=150 hash=37ca47…0618ce
INFO [02-10|12:52:19] Commit new mining work                   number=151 txs=0 uncles=0 elapsed=208.461µs
INFO [02-10|12:52:22] Successfully sealed new block            number=151 hash=f15669…613285
INFO [02-10|12:52:22] 🔗 block reached canonical chain          number=146 hash=d32277…139114
INFO [02-10|12:52:22] 🔨 mined potential block                  number=151 hash=f15669…613285
INFO [02-10|12:52:22] Commit new mining work                   number=152 txs=0 uncles=0 elapsed=243.689µs
INFO [02-10|12:52:24] Successfully sealed new block            number=152 hash=0bcd6a…d5f895
INFO [02-10|12:52:24] 🔗 block reached canonical chain          number=147 hash=33ee78…fe2364
INFO [02-10|12:52:24] 🔨 mined potential block                  number=152 hash=0bcd6a…d5f895
INFO [02-10|12:52:24] Commit new mining work                   number=153 txs=0 uncles=0 elapsed=185.246µs
INFO [02-10|12:52:25] Successfully sealed new block            number=153 hash=6e7145…834317
INFO [02-10|12:52:25] 🔗 block reached canonical chain          number=148 hash=1058ec…c3bd25
INFO [02-10|12:52:25] 🔨 mined potential block                  number=153 hash=6e7145…834317
INFO [02-10|12:52:25] Commit new mining work                   number=154 txs=0 uncles=0 elapsed=195.412µs
INFO [02-10|12:52:32] Successfully sealed new block            number=154 hash=c0f647…a123ff
INFO [02-10|12:52:32] 🔗 block reached canonical chain          number=149 hash=e6eeb4…46466a
INFO [02-10|12:52:32] 🔨 mined potential block                  number=154 hash=c0f647…a123ff
INFO [02-10|12:52:32] Commit new mining work                   number=155 txs=0 uncles=0 elapsed=158.126µs
INFO [02-10|12:52:33] Successfully sealed new block            number=155 hash=263ea6…c33243
INFO [02-10|12:52:33] 🔗 block reached canonical chain          number=150 hash=37ca47…0618ce
INFO [02-10|12:52:33] 🔨 mined potential block                  number=155 hash=263ea6…c33243
INFO [02-10|12:52:33] Commit new mining work                   number=156 txs=0 uncles=0 elapsed=206.896µs
INFO [02-10|12:52:35] Successfully sealed new block            number=156 hash=d66354…1f26ff
INFO [02-10|12:52:35] 🔗 block reached canonical chain          number=151 hash=f15669…613285
INFO [02-10|12:52:35] 🔨 mined potential block                  number=156 hash=d66354…1f26ff
INFO [02-10|12:52:35] Commit new mining work                   number=157 txs=0 uncles=0 elapsed=128.088µs
INFO [02-10|12:52:35] Successfully sealed new block            number=157 hash=014405…a40b18
INFO [02-10|12:52:35] 🔗 block reached canonical chain          number=152 hash=0bcd6a…d5f895
INFO [02-10|12:52:35] 🔨 mined potential block                  number=157 hash=014405…a40b18
INFO [02-10|12:52:35] Commit new mining work                   number=158 txs=0 uncles=0 elapsed=112.285µs
INFO [02-10|12:52:36] Successfully sealed new block            number=158 hash=acd23b…95726c
INFO [02-10|12:52:36] 🔗 block reached canonical chain          number=153 hash=6e7145…834317
INFO [02-10|12:52:36] 🔨 mined potential block                  number=158 hash=acd23b…95726c
INFO [02-10|12:52:36] Commit new mining work                   number=159 txs=0 uncles=0 elapsed=185.857µs
INFO [02-10|12:52:37] Successfully sealed new block            number=159 hash=106b23…fc6e61
INFO [02-10|12:52:37] 🔗 block reached canonical chain          number=154 hash=c0f647…a123ff
INFO [02-10|12:52:37] 🔨 mined potential block                  number=159 hash=106b23…fc6e61
INFO [02-10|12:52:37] Commit new mining work                   number=160 txs=0 uncles=0 elapsed=174.84µs
INFO [02-10|12:52:37] Successfully sealed new block            number=160 hash=77c902…1ae7b7
INFO [02-10|12:52:37] 🔗 block reached canonical chain          number=155 hash=263ea6…c33243
INFO [02-10|12:52:37] 🔨 mined potential block                  number=160 hash=77c902…1ae7b7
INFO [02-10|12:52:37] Mining too far in the future             wait=2s
INFO [02-10|12:52:39] Commit new mining work                   number=161 txs=0 uncles=0 elapsed=2.001s
INFO [02-10|12:52:39] Successfully sealed new block            number=161 hash=920672…febfc9
INFO [02-10|12:52:39] 🔗 block reached canonical chain          number=156 hash=d66354…1f26ff
INFO [02-10|12:52:39] 🔨 mined potential block                  number=161 hash=920672…febfc9
INFO [02-10|12:52:39] Commit new mining work                   number=162 txs=0 uncles=0 elapsed=148.956µs
INFO [02-10|12:52:40] Successfully sealed new block            number=162 hash=899293…6c19e9
INFO [02-10|12:52:40] 🔗 block reached canonical chain          number=157 hash=014405…a40b18
INFO [02-10|12:52:40] 🔨 mined potential block                  number=162 hash=899293…6c19e9
INFO [02-10|12:52:40] Commit new mining work                   number=163 txs=0 uncles=0 elapsed=127.016µs
INFO [02-10|12:52:40] Successfully sealed new block            number=163 hash=4fbd8a…5dc822
INFO [02-10|12:52:40] 🔗 block reached canonical chain          number=158 hash=acd23b…95726c
INFO [02-10|12:52:40] 🔨 mined potential block                  number=163 hash=4fbd8a…5dc822
INFO [02-10|12:52:40] Mining too far in the future             wait=2s
INFO [02-10|12:52:42] Commit new mining work                   number=164 txs=0 uncles=0 elapsed=2.001s
